<?xml version="1.0" encoding="UTF-8"?>
<testng-results ignored="0" total="1" passed="1" failed="0" skipped="0">
  <reporter-output>
  </reporter-output>
  <suite started-at="2022-04-07T20:21:12 IST" name="Suite" finished-at="2022-04-07T20:21:12 IST" duration-ms="59">
    <groups>
    </groups>
    <test started-at="2022-04-07T20:21:12 IST" name="Test" finished-at="2022-04-07T20:21:12 IST" duration-ms="59">
      <class name="Properties.AccessingGlobal">
        <test-method signature="Data()[pri:0, instance:Properties.AccessingGlobal@61d6015a]" started-at="2022-04-07T20:21:12 IST" name="Data" finished-at="2022-04-07T20:21:12 IST" duration-ms="27" status="PASS">
          <reporter-output>
          </reporter-output>
        </test-method> <!-- Data -->
      </class> <!-- Properties.AccessingGlobal -->
    </test> <!-- Test -->
  </suite> <!-- Suite -->
</testng-results>
